2026-01-08 18:40:05,441 - __main__ - INFO - 开始诊断...
2026-01-08 18:40:05,441 - __main__ - INFO - 日志也被保存到 diagnosis.log
2026-01-08 18:40:05,441 - __main__ - INFO - 

============================================================
2026-01-08 18:40:05,441 - __main__ - INFO - 诊断报告生成
2026-01-08 18:40:05,441 - __main__ - INFO - ============================================================
2026-01-08 18:40:05,441 - __main__ - INFO - 
============================================================
2026-01-08 18:40:05,441 - __main__ - INFO - 检查 1: WebSocket 连接
2026-01-08 18:40:05,441 - __main__ - INFO - ============================================================
2026-01-08 18:40:05,459 - __main__ - INFO - ✓ websocket-client 已安装
2026-01-08 18:40:05,460 - __main__ - INFO - ✓ 配置加载成功
2026-01-08 18:40:05,460 - __main__ - INFO -   WebSocket URL: ws://192.168.25.25:8090/ws/v2/topics
2026-01-08 18:40:05,460 - __main__ - INFO - 
============================================================
2026-01-08 18:40:05,460 - __main__ - INFO - 检查 2: 线程池支持
2026-01-08 18:40:05,460 - __main__ - INFO - ============================================================
2026-01-08 18:40:05,461 - __main__ - INFO - ✓ concurrent.futures.ThreadPoolExecutor 可用
2026-01-08 18:40:05,461 - __main__ - INFO - ✓ 线程池工作正常
2026-01-08 18:40:05,461 - __main__ - INFO - 
============================================================
2026-01-08 18:40:05,461 - __main__ - INFO - 检查 3: PyQt6 信号机制
2026-01-08 18:40:05,461 - __main__ - INFO - ============================================================
2026-01-08 18:40:05,461 - __main__ - INFO - ✓ PyQt6 信号机制可用
2026-01-08 18:40:05,462 - __main__ - INFO - ✓ 信号发射和连接工作正常
2026-01-08 18:40:05,462 - __main__ - INFO - 
============================================================
2026-01-08 18:40:05,462 - __main__ - INFO - 检查 4: WebSocket 订阅器
2026-01-08 18:40:05,462 - __main__ - INFO - ============================================================
2026-01-08 18:40:05,464 - __main__ - INFO - ✓ TopicSubscriber 导入成功
2026-01-08 18:40:05,465 - __main__ - INFO - ✓ 检测到 ThreadPoolExecutor 初始化
2026-01-08 18:40:05,465 - __main__ - INFO - 
============================================================
2026-01-08 18:40:05,465 - __main__ - INFO - 检查 5: Beacon 更新逻辑
2026-01-08 18:40:05,465 - __main__ - INFO - ============================================================
2026-01-08 18:40:05,575 - __main__ - INFO -   ✓ 自动删除 hasattr 检查
2026-01-08 18:40:05,575 - __main__ - INFO -   ✓ 直接检查 beacon_global_position
2026-01-08 18:40:05,575 - __main__ - INFO -   ✓ 调试日志
2026-01-08 18:40:05,575 - __main__ - INFO -   ✓ 地图话题处理
2026-01-08 18:40:05,575 - __main__ - INFO -   ✓ 追踪位置话题处理
2026-01-08 18:40:05,575 - __main__ - INFO - 
============================================================
2026-01-08 18:40:05,575 - __main__ - INFO - 诊断摘要
2026-01-08 18:40:05,575 - __main__ - INFO - ============================================================
2026-01-08 18:40:05,575 - __main__ - INFO - ✓ 通过: WebSocket 连接
2026-01-08 18:40:05,575 - __main__ - INFO - ✓ 通过: 线程池支持
2026-01-08 18:40:05,575 - __main__ - INFO - ✓ 通过: PyQt6 信号
2026-01-08 18:40:05,575 - __main__ - INFO - ✓ 通过: WebSocket 订阅器
2026-01-08 18:40:05,575 - __main__ - INFO - ✓ 通过: Beacon 更新逻辑
2026-01-08 18:40:05,575 - __main__ - INFO - 
总体: 5/5 检查通过
2026-01-08 18:40:05,575 - __main__ - INFO - 
✅ 所有检查通过！修复应该有效。
2026-01-08 18:40:05,575 - __main__ - INFO - 
后续步骤:
2026-01-08 18:40:05,576 - __main__ - INFO -   1. 运行应用: python main.py
2026-01-08 18:40:05,576 - __main__ - INFO -   2. 观察蓝色点是否持续显示和更新
2026-01-08 18:40:05,576 - __main__ - INFO -   3. 查看日志确认数据持续更新
