nohup: ignoring input
2026-01-30 17:02:18,738 [INFO] ==================================================
2026-01-30 17:02:18,739 [INFO] AOA 定位系统 - Web 可视化界面
2026-01-30 17:02:18,739 [INFO] ==================================================
2026-01-30 17:02:18,739 [INFO] 正在初始化系统...
2026-01-30 17:02:18,740 [INFO] ✓ 数据处理模块初始化完成
2026-01-30 17:02:18,740 [INFO] ✓ 系统初始化完成
2026-01-30 17:02:18,740 [INFO] ℹ️  Beacon数据将从 http://127.0.0.1:5001/api/beacon 获取
2026-01-30 17:02:18,741 [INFO] 启动位置更新线程（10Hz）...
2026-01-30 17:02:18,741 [INFO] ✓ 位置更新线程已启动
 * Serving Flask app 'web_app'
 * Debug mode: off
2026-01-30 17:02:19,041 [INFO] 🤖 机器人位置: (1.44, -1.07, yaw=1.98°)
2026-01-30 17:02:20,026 [INFO] 🤖 机器人位置: (1.44, -1.07, yaw=1.98°)
2026-01-30 17:02:21,095 [INFO] 🤖 机器人位置: (1.44, -1.07, yaw=1.98°)
2026-01-30 17:02:22,037 [INFO] 🤖 机器人位置: (1.44, -1.07, yaw=1.98°)
2026-01-30 17:02:24,059 [INFO] 🤖 机器人位置: (1.44, -1.07, yaw=1.98°)
2026-01-30 17:02:25,004 [INFO] 🤖 机器人位置: (1.44, -1.07, yaw=1.98°)
2026-01-30 17:02:26,066 [INFO] 🤖 机器人位置: (1.44, -1.07, yaw=1.98°)
2026-01-30 17:02:27,009 [INFO] 🤖 机器人位置: (1.44, -1.07, yaw=1.98°)
2026-01-30 17:02:28,058 [INFO] 🤖 机器人位置: (1.44, -1.07, yaw=1.98°)
2026-01-30 17:02:29,003 [INFO] 🤖 机器人位置: (1.44, -1.07, yaw=1.98°)
2026-01-30 17:02:30,083 [INFO] 🤖 机器人位置: (1.44, -1.07, yaw=1.98°)
2026-01-30 17:02:31,025 [INFO] 🤖 机器人位置: (1.44, -1.07, yaw=1.98°)
2026-01-30 17:02:32,095 [INFO] 🤖 机器人位置: (1.44, -1.07, yaw=1.98°)
2026-01-30 17:02:33,033 [INFO] 🤖 机器人位置: (1.44, -1.07, yaw=1.98°)
2026-01-30 17:02:34,093 [INFO] 🤖 机器人位置: (1.44, -1.07, yaw=1.98°)
2026-01-30 17:02:35,044 [INFO] 🤖 机器人位置: (1.44, -1.07, yaw=1.98°)
2026-01-30 17:02:36,098 [INFO] 🤖 机器人位置: (1.44, -1.07, yaw=1.98°)
2026-01-30 17:02:37,050 [INFO] 🤖 机器人位置: (1.44, -1.07, yaw=1.98°)
2026-01-30 17:02:39,047 [INFO] 🤖 机器人位置: (1.44, -1.07, yaw=1.98°)
2026-01-30 17:02:41,063 [INFO] 🤖 机器人位置: (1.44, -1.07, yaw=1.98°)
2026-01-30 17:02:42,008 [INFO] 🤖 机器人位置: (1.44, -1.07, yaw=1.98°)
2026-01-30 17:02:43,074 [INFO] 🤖 机器人位置: (1.44, -1.07, yaw=1.98°)
2026-01-30 17:02:44,043 [INFO] 🤖 机器人位置: (1.44, -1.07, yaw=1.98°)
2026-01-30 17:02:46,071 [INFO] 🤖 机器人位置: (1.44, -1.07, yaw=1.98°)
2026-01-30 17:02:47,008 [INFO] 🤖 机器人位置: (1.44, -1.07, yaw=1.98°)
2026-01-30 17:02:48,092 [INFO] 🤖 机器人位置: (1.44, -1.07, yaw=1.98°)
2026-01-30 17:02:49,047 [INFO] 🤖 机器人位置: (1.44, -1.07, yaw=1.98°)
2026-01-30 17:02:50,099 [INFO] 🤖 机器人位置: (1.44, -1.07, yaw=1.98°)
2026-01-30 17:02:51,034 [INFO] 🤖 机器人位置: (1.44, -1.07, yaw=1.98°)
2026-01-30 17:02:52,089 [INFO] 🤖 机器人位置: (1.44, -1.07, yaw=1.98°)
2026-01-30 17:02:53,039 [INFO] 🤖 机器人位置: (1.44, -1.07, yaw=1.98°)
2026-01-30 17:02:54,095 [INFO] 🤖 机器人位置: (1.44, -1.07, yaw=1.98°)
2026-01-30 17:02:55,031 [INFO] 🤖 机器人位置: (1.44, -1.07, yaw=1.98°)
2026-01-30 17:02:56,087 [INFO] 🤖 机器人位置: (1.44, -1.07, yaw=1.98°)
2026-01-30 17:02:57,022 [INFO] 🤖 机器人位置: (1.44, -1.07, yaw=1.98°)
2026-01-30 17:02:58,087 [INFO] 🤖 机器人位置: (1.44, -1.07, yaw=1.98°)
2026-01-30 17:02:59,026 [INFO] 🤖 机器人位置: (1.44, -1.07, yaw=1.98°)
2026-01-30 17:03:00,070 [INFO] 🤖 机器人位置: (1.44, -1.07, yaw=1.98°)
2026-01-30 17:03:01,008 [INFO] 🤖 机器人位置: (1.44, -1.07, yaw=1.98°)
2026-01-30 17:03:02,075 [INFO] 🤖 机器人位置: (1.44, -1.07, yaw=1.98°)
2026-01-30 17:03:03,036 [INFO] 🤖 机器人位置: (1.44, -1.07, yaw=1.98°)
2026-01-30 17:03:04,082 [INFO] 🤖 机器人位置: (1.44, -1.07, yaw=1.98°)
2026-01-30 17:03:05,020 [INFO] 🤖 机器人位置: (1.44, -1.07, yaw=1.98°)
2026-01-30 17:03:06,084 [INFO] 🤖 机器人位置: (1.44, -1.07, yaw=1.98°)
2026-01-30 17:03:07,018 [INFO] 🤖 机器人位置: (1.44, -1.07, yaw=1.98°)
2026-01-30 17:03:08,089 [INFO] 🤖 机器人位置: (1.44, -1.07, yaw=1.98°)
2026-01-30 17:03:09,049 [INFO] 🤖 机器人位置: (1.44, -1.07, yaw=1.98°)
2026-01-30 17:03:11,045 [INFO] 🤖 机器人位置: (1.44, -1.07, yaw=1.98°)
2026-01-30 17:03:13,044 [INFO] 🤖 机器人位置: (1.44, -1.07, yaw=1.98°)
2026-01-30 17:03:15,051 [INFO] 🤖 机器人位置: (1.44, -1.07, yaw=1.98°)
2026-01-30 17:03:17,063 [INFO] 🤖 机器人位置: (1.44, -1.07, yaw=1.98°)
2026-01-30 17:03:18,012 [INFO] 🤖 机器人位置: (1.44, -1.07, yaw=1.98°)
2026-01-30 17:03:19,072 [INFO] 🤖 机器人位置: (1.44, -1.07, yaw=1.98°)
2026-01-30 17:03:20,009 [INFO] 🤖 机器人位置: (1.44, -1.07, yaw=1.98°)
2026-01-30 17:03:21,067 [INFO] 🤖 机器人位置: (1.44, -1.07, yaw=1.98°)
2026-01-30 17:03:22,026 [INFO] 🤖 机器人位置: (1.44, -1.07, yaw=1.98°)
2026-01-30 17:03:23,097 [INFO] 🤖 机器人位置: (1.44, -1.07, yaw=1.98°)
2026-01-30 17:03:24,051 [INFO] 🤖 机器人位置: (1.44, -1.07, yaw=1.98°)
2026-01-30 17:03:26,040 [INFO] 🤖 机器人位置: (1.44, -1.07, yaw=1.98°)
2026-01-30 17:03:28,041 [INFO] 🤖 机器人位置: (1.44, -1.07, yaw=1.98°)
2026-01-30 17:03:30,042 [INFO] 🤖 机器人位置: (1.44, -1.07, yaw=1.98°)
2026-01-30 17:03:31,084 [INFO] 🤖 机器人位置: (1.44, -1.07, yaw=1.98°)
2026-01-30 17:03:32,025 [INFO] 🤖 机器人位置: (1.44, -1.07, yaw=1.98°)
2026-01-30 17:03:33,091 [INFO] 🤖 机器人位置: (1.44, -1.07, yaw=1.98°)
2026-01-30 17:03:34,031 [INFO] 🤖 机器人位置: (1.44, -1.07, yaw=1.98°)
2026-01-30 17:03:35,099 [INFO] 🤖 机器人位置: (1.44, -1.07, yaw=1.98°)
2026-01-30 17:03:36,044 [INFO] 🤖 机器人位置: (1.44, -1.07, yaw=1.98°)
2026-01-30 17:03:37,092 [INFO] 🤖 机器人位置: (1.44, -1.07, yaw=1.98°)
2026-01-30 17:03:38,048 [INFO] 🤖 机器人位置: (1.44, -1.07, yaw=1.98°)
2026-01-30 17:03:40,038 [INFO] 🤖 机器人位置: (1.44, -1.07, yaw=1.98°)
2026-01-30 17:03:42,056 [INFO] 🤖 机器人位置: (1.44, -1.07, yaw=1.98°)
2026-01-30 17:03:43,002 [INFO] 🤖 机器人位置: (1.44, -1.07, yaw=1.98°)
2026-01-30 17:03:44,070 [INFO] 🤖 机器人位置: (1.44, -1.07, yaw=1.98°)
2026-01-30 17:03:45,011 [INFO] 🤖 机器人位置: (1.44, -1.07, yaw=1.98°)
2026-01-30 17:03:46,083 [INFO] 🤖 机器人位置: (1.44, -1.07, yaw=1.98°)
2026-01-30 17:03:47,017 [INFO] 🤖 机器人位置: (1.44, -1.07, yaw=1.98°)
2026-01-30 17:03:48,084 [INFO] 🤖 机器人位置: (1.44, -1.07, yaw=1.98°)
2026-01-30 17:03:49,022 [INFO] 🤖 机器人位置: (1.44, -1.07, yaw=1.98°)
2026-01-30 17:03:50,090 [INFO] 🤖 机器人位置: (1.44, -1.07, yaw=1.98°)
2026-01-30 17:03:51,022 [INFO] 🤖 机器人位置: (1.44, -1.07, yaw=1.98°)
2026-01-30 17:03:52,083 [INFO] 🤖 机器人位置: (1.44, -1.07, yaw=1.98°)
2026-01-30 17:03:53,033 [INFO] 🤖 机器人位置: (1.44, -1.07, yaw=1.98°)
2026-01-30 17:03:54,090 [INFO] 🤖 机器人位置: (1.44, -1.07, yaw=1.98°)
2026-01-30 17:03:55,027 [INFO] 🤖 机器人位置: (1.44, -1.07, yaw=1.98°)
2026-01-30 17:03:57,058 [INFO] 🤖 机器人位置: (1.44, -1.07, yaw=1.98°)
2026-01-30 17:03:58,016 [INFO] 🤖 机器人位置: (1.44, -1.07, yaw=1.98°)
2026-01-30 17:03:59,092 [INFO] 🤖 机器人位置: (1.44, -1.07, yaw=1.98°)
2026-01-30 17:04:00,077 [INFO] 🤖 机器人位置: (1.44, -1.07, yaw=1.98°)
2026-01-30 17:04:01,018 [INFO] 🤖 机器人位置: (1.44, -1.07, yaw=1.98°)
2026-01-30 17:04:02,082 [INFO] 🤖 机器人位置: (1.44, -1.07, yaw=1.98°)
2026-01-30 17:04:03,023 [INFO] 🤖 机器人位置: (1.44, -1.07, yaw=1.98°)
2026-01-30 17:04:04,087 [INFO] 🤖 机器人位置: (1.44, -1.07, yaw=1.98°)
2026-01-30 17:04:05,024 [INFO] 🤖 机器人位置: (1.44, -1.07, yaw=1.98°)
2026-01-30 17:04:07,058 [INFO] 🤖 机器人位置: (1.44, -1.07, yaw=1.98°)
2026-01-30 17:04:09,052 [INFO] 🤖 机器人位置: (1.44, -1.07, yaw=1.98°)
2026-01-30 17:04:11,037 [INFO] 🤖 机器人位置: (1.44, -1.07, yaw=1.98°)
2026-01-30 17:04:13,063 [INFO] 🤖 机器人位置: (1.44, -1.07, yaw=1.98°)
2026-01-30 17:04:14,006 [INFO] 🤖 机器人位置: (1.44, -1.07, yaw=1.98°)
2026-01-30 17:04:15,060 [INFO] 🤖 机器人位置: (1.44, -1.07, yaw=1.98°)
2026-01-30 17:04:16,018 [INFO] 🤖 机器人位置: (1.44, -1.07, yaw=1.98°)
2026-01-30 17:04:17,059 [INFO] 🤖 机器人位置: (1.44, -1.07, yaw=1.98°)
2026-01-30 17:04:18,003 [INFO] 🤖 机器人位置: (1.44, -1.07, yaw=1.98°)
2026-01-30 17:04:19,068 [INFO] 🤖 机器人位置: (1.44, -1.07, yaw=1.98°)
2026-01-30 17:04:20,014 [INFO] 🤖 机器人位置: (1.44, -1.07, yaw=1.98°)
2026-01-30 17:04:21,082 [INFO] 🤖 机器人位置: (1.44, -1.07, yaw=1.98°)
2026-01-30 17:04:22,015 [INFO] 🤖 机器人位置: (1.44, -1.07, yaw=1.98°)
2026-01-30 17:04:23,086 [INFO] 🤖 机器人位置: (1.44, -1.07, yaw=1.98°)
2026-01-30 17:04:24,029 [INFO] 🤖 机器人位置: (1.44, -1.07, yaw=1.98°)
2026-01-30 17:04:25,094 [INFO] 🤖 机器人位置: (1.44, -1.07, yaw=1.98°)
2026-01-30 17:04:26,041 [INFO] 🤖 机器人位置: (1.44, -1.07, yaw=1.98°)
2026-01-30 17:04:27,098 [INFO] 🤖 机器人位置: (1.44, -1.07, yaw=1.98°)
2026-01-30 17:04:28,056 [INFO] 🤖 机器人位置: (1.44, -1.07, yaw=1.98°)
2026-01-30 17:04:29,000 [INFO] 🤖 机器人位置: (1.44, -1.07, yaw=1.98°)
2026-01-30 17:04:30,053 [INFO] 🤖 机器人位置: (1.44, -1.07, yaw=1.98°)
2026-01-30 17:04:31,007 [INFO] 🤖 机器人位置: (1.44, -1.07, yaw=1.98°)
2026-01-30 17:04:32,090 [INFO] 🤖 机器人位置: (1.44, -1.07, yaw=1.98°)
2026-01-30 17:04:33,050 [INFO] 🤖 机器人位置: (1.44, -1.07, yaw=1.98°)
2026-01-30 17:04:34,003 [INFO] 🤖 机器人位置: (1.44, -1.07, yaw=1.98°)
2026-01-30 17:04:35,095 [INFO] 🤖 机器人位置: (1.44, -1.07, yaw=1.98°)
2026-01-30 17:04:36,058 [INFO] 🤖 机器人位置: (1.44, -1.07, yaw=1.98°)
2026-01-30 17:04:37,007 [INFO] 🤖 机器人位置: (1.44, -1.07, yaw=1.98°)
2026-01-30 17:04:38,076 [INFO] 🤖 机器人位置: (1.44, -1.07, yaw=1.98°)
2026-01-30 17:04:39,007 [INFO] 🤖 机器人位置: (1.44, -1.07, yaw=1.98°)
2026-01-30 17:04:40,085 [INFO] 🤖 机器人位置: (1.44, -1.07, yaw=1.98°)
2026-01-30 17:04:41,027 [INFO] 🤖 机器人位置: (1.44, -1.07, yaw=1.98°)
2026-01-30 17:04:43,067 [INFO] 🤖 机器人位置: (1.44, -1.07, yaw=1.98°)
2026-01-30 17:04:44,027 [INFO] 🤖 机器人位置: (1.44, -1.07, yaw=1.98°)
2026-01-30 17:04:45,084 [INFO] 🤖 机器人位置: (1.44, -1.07, yaw=1.98°)
2026-01-30 17:04:46,021 [INFO] 🤖 机器人位置: (1.44, -1.07, yaw=1.98°)
2026-01-30 17:04:48,090 [INFO] 🤖 机器人位置: (1.44, -1.07, yaw=1.98°)
2026-01-30 17:04:49,037 [INFO] 🤖 机器人位置: (1.44, -1.07, yaw=1.98°)
2026-01-30 17:04:51,054 [INFO] 🤖 机器人位置: (1.44, -1.07, yaw=1.98°)
2026-01-30 17:04:53,055 [INFO] 🤖 机器人位置: (1.44, -1.07, yaw=1.98°)
2026-01-30 17:04:55,061 [INFO] 🤖 机器人位置: (1.44, -1.07, yaw=1.98°)
2026-01-30 17:04:56,004 [INFO] 🤖 机器人位置: (1.44, -1.07, yaw=1.98°)
2026-01-30 17:04:57,088 [INFO] 🤖 机器人位置: (1.44, -1.07, yaw=1.98°)
2026-01-30 17:04:58,028 [INFO] 🤖 机器人位置: (1.44, -1.07, yaw=1.98°)
2026-01-30 17:04:59,090 [INFO] 🤖 机器人位置: (1.44, -1.07, yaw=1.98°)
2026-01-30 17:05:00,027 [INFO] 🤖 机器人位置: (1.44, -1.07, yaw=1.98°)
2026-01-30 17:05:02,052 [INFO] 🤖 机器人位置: (1.44, -1.07, yaw=1.98°)
2026-01-30 17:05:04,057 [INFO] 🤖 机器人位置: (1.44, -1.07, yaw=1.98°)
2026-01-30 17:05:05,003 [INFO] 🤖 机器人位置: (1.44, -1.07, yaw=1.98°)
2026-01-30 17:05:06,067 [INFO] 🤖 机器人位置: (1.44, -1.07, yaw=1.98°)
2026-01-30 17:05:07,014 [INFO] 🤖 机器人位置: (1.44, -1.07, yaw=1.98°)
2026-01-30 17:05:08,083 [INFO] 🤖 机器人位置: (1.44, -1.07, yaw=1.98°)
2026-01-30 17:05:09,028 [INFO] 🤖 机器人位置: (1.44, -1.07, yaw=1.98°)
2026-01-30 17:05:10,089 [INFO] 🤖 机器人位置: (1.44, -1.07, yaw=1.98°)
2026-01-30 17:05:11,031 [INFO] 🤖 机器人位置: (1.44, -1.07, yaw=1.98°)
2026-01-30 17:05:12,097 [INFO] 🤖 机器人位置: (1.44, -1.07, yaw=1.98°)
2026-01-30 17:05:13,054 [INFO] 🤖 机器人位置: (1.44, -1.07, yaw=1.98°)
2026-01-30 17:05:15,058 [INFO] 🤖 机器人位置: (1.44, -1.07, yaw=1.98°)
2026-01-30 17:05:16,005 [INFO] 🤖 机器人位置: (1.44, -1.07, yaw=1.98°)
2026-01-30 17:05:17,076 [INFO] 🤖 机器人位置: (1.44, -1.07, yaw=1.98°)
2026-01-30 17:05:18,028 [INFO] 🤖 机器人位置: (1.44, -1.07, yaw=1.98°)
2026-01-30 17:05:20,038 [INFO] 🤖 机器人位置: (1.44, -1.07, yaw=1.98°)
2026-01-30 17:05:21,091 [INFO] 🤖 机器人位置: (1.44, -1.07, yaw=1.98°)
2026-01-30 17:05:22,043 [INFO] 🤖 机器人位置: (1.44, -1.07, yaw=1.98°)
2026-01-30 17:05:24,047 [INFO] 🤖 机器人位置: (1.44, -1.07, yaw=1.98°)
2026-01-30 17:05:26,057 [INFO] 🤖 机器人位置: (1.44, -1.07, yaw=1.98°)
2026-01-30 17:05:27,018 [INFO] 🤖 机器人位置: (1.44, -1.07, yaw=1.98°)
2026-01-30 17:05:28,077 [INFO] 🤖 机器人位置: (1.44, -1.07, yaw=1.98°)
2026-01-30 17:05:29,018 [INFO] 🤖 机器人位置: (1.44, -1.07, yaw=1.98°)
2026-01-30 17:05:30,083 [INFO] 🤖 机器人位置: (1.44, -1.07, yaw=1.98°)
2026-01-30 17:05:31,017 [INFO] 🤖 机器人位置: (1.44, -1.07, yaw=1.98°)
2026-01-30 17:05:33,082 [INFO] 🤖 机器人位置: (1.44, -1.07, yaw=1.98°)
2026-01-30 17:05:34,017 [INFO] 🤖 机器人位置: (1.44, -1.07, yaw=1.98°)
2026-01-30 17:05:35,095 [INFO] 🤖 机器人位置: (1.44, -1.07, yaw=1.98°)
2026-01-30 17:05:36,060 [INFO] 🤖 机器人位置: (1.44, -1.07, yaw=1.98°)
2026-01-30 17:05:37,009 [INFO] 🤖 机器人位置: (1.44, -1.07, yaw=1.98°)
2026-01-30 17:05:38,073 [INFO] 🤖 机器人位置: (1.44, -1.07, yaw=1.98°)
2026-01-30 17:05:39,034 [INFO] 🤖 机器人位置: (1.44, -1.07, yaw=1.98°)
2026-01-30 17:05:41,033 [INFO] 🤖 机器人位置: (1.44, -1.07, yaw=1.98°)
2026-01-30 17:05:42,099 [INFO] 🤖 机器人位置: (1.44, -1.07, yaw=1.98°)
2026-01-30 17:05:43,043 [INFO] 🤖 机器人位置: (1.44, -1.07, yaw=1.98°)
2026-01-30 17:05:45,049 [INFO] 🤖 机器人位置: (1.44, -1.07, yaw=1.98°)
2026-01-30 17:05:46,090 [INFO] 🤖 机器人位置: (1.44, -1.07, yaw=1.98°)
2026-01-30 17:05:47,020 [INFO] 🤖 机器人位置: (1.44, -1.07, yaw=1.98°)
2026-01-30 17:05:48,079 [INFO] 🤖 机器人位置: (1.44, -1.07, yaw=1.98°)
2026-01-30 17:05:49,026 [INFO] 🤖 机器人位置: (1.44, -1.07, yaw=1.98°)
2026-01-30 17:05:50,085 [INFO] 🤖 机器人位置: (1.44, -1.07, yaw=1.98°)
2026-01-30 17:05:51,050 [INFO] 🤖 机器人位置: (1.44, -1.07, yaw=1.98°)
2026-01-30 17:05:52,099 [INFO] 🤖 机器人位置: (1.44, -1.07, yaw=1.98°)
2026-01-30 17:05:53,045 [INFO] 🤖 机器人位置: (1.44, -1.07, yaw=1.98°)
2026-01-30 17:05:55,047 [INFO] 🤖 机器人位置: (1.44, -1.07, yaw=1.98°)
2026-01-30 17:05:57,059 [INFO] 🤖 机器人位置: (1.44, -1.07, yaw=1.98°)
2026-01-30 17:05:58,002 [INFO] 🤖 机器人位置: (1.44, -1.07, yaw=1.98°)
2026-01-30 17:05:59,066 [INFO] 🤖 机器人位置: (1.44, -1.07, yaw=1.98°)
2026-01-30 17:06:00,011 [INFO] 🤖 机器人位置: (1.44, -1.07, yaw=1.98°)
2026-01-30 17:06:02,041 [INFO] 🤖 机器人位置: (1.44, -1.07, yaw=1.98°)
2026-01-30 17:06:03,088 [INFO] 🤖 机器人位置: (1.44, -1.07, yaw=1.98°)
2026-01-30 17:06:04,022 [INFO] 🤖 机器人位置: (1.44, -1.07, yaw=1.98°)
2026-01-30 17:06:05,097 [INFO] 🤖 机器人位置: (1.44, -1.07, yaw=1.98°)
2026-01-30 17:06:06,039 [INFO] 🤖 机器人位置: (1.44, -1.07, yaw=1.98°)
2026-01-30 17:06:08,061 [INFO] 🤖 机器人位置: (1.44, -1.07, yaw=1.98°)
2026-01-30 17:06:09,027 [INFO] 🤖 机器人位置: (1.44, -1.07, yaw=1.98°)
2026-01-30 17:06:10,090 [INFO] 🤖 机器人位置: (1.44, -1.07, yaw=1.98°)
2026-01-30 17:06:11,050 [INFO] 🤖 机器人位置: (1.44, -1.07, yaw=1.98°)
2026-01-30 17:06:13,049 [INFO] 🤖 机器人位置: (1.44, -1.07, yaw=1.98°)
2026-01-30 17:06:14,097 [INFO] 🤖 机器人位置: (1.44, -1.07, yaw=1.98°)
2026-01-30 17:06:15,052 [INFO] 🤖 机器人位置: (1.44, -1.07, yaw=1.98°)
2026-01-30 17:06:16,098 [INFO] 🤖 机器人位置: (1.44, -1.07, yaw=1.98°)
2026-01-30 17:06:17,029 [INFO] 🤖 机器人位置: (1.44, -1.07, yaw=1.98°)
2026-01-30 17:06:18,086 [INFO] 🤖 机器人位置: (1.44, -1.07, yaw=1.98°)
2026-01-30 17:06:19,010 [INFO] 🤖 机器人位置: (1.44, -1.07, yaw=1.98°)
2026-01-30 17:06:20,067 [INFO] 🤖 机器人位置: (1.44, -1.07, yaw=1.98°)
2026-01-30 17:06:21,012 [INFO] 🤖 机器人位置: (1.44, -1.07, yaw=1.98°)
2026-01-30 17:06:22,076 [INFO] 🤖 机器人位置: (1.44, -1.07, yaw=1.98°)
2026-01-30 17:06:23,043 [INFO] 🤖 机器人位置: (1.44, -1.07, yaw=1.98°)
2026-01-30 17:06:24,754 [INFO] ✓ 地图信息已获取并缓存
2026-01-30 17:06:24,957 [INFO] ✓ 坐标轴已绘制到图像: 原点位置=(754, 163)
2026-01-30 17:06:25,006 [INFO] 🤖 机器人位置: (1.44, -1.07, yaw=1.98°)
2026-01-30 17:06:25,062 [INFO] ✓ 地图栅格数据已处理: 1409x459
2026-01-30 17:06:25,062 [INFO]   颜色分布: 白色=185251, 灰色=452817, 黑色=8663
2026-01-30 17:06:26,075 [INFO] 🤖 机器人位置: (1.44, -1.07, yaw=1.98°)
2026-01-30 17:06:27,025 [INFO] 🤖 机器人位置: (1.44, -1.07, yaw=1.98°)
2026-01-30 17:06:28,081 [INFO] 🤖 机器人位置: (1.44, -1.07, yaw=1.98°)
2026-01-30 17:06:29,024 [INFO] 🤖 机器人位置: (1.44, -1.07, yaw=1.98°)
2026-01-30 17:06:30,095 [INFO] 🤖 机器人位置: (1.44, -1.07, yaw=1.98°)
2026-01-30 17:06:31,043 [INFO] 🤖 机器人位置: (1.44, -1.07, yaw=1.98°)
2026-01-30 17:06:33,061 [INFO] 🤖 机器人位置: (1.44, -1.07, yaw=1.98°)
2026-01-30 17:06:34,006 [INFO] 🤖 机器人位置: (1.44, -1.07, yaw=1.98°)
2026-01-30 17:06:35,052 [INFO] 🤖 机器人位置: (1.44, -1.07, yaw=1.98°)
2026-01-30 17:06:36,005 [INFO] 🤖 机器人位置: (1.44, -1.07, yaw=1.98°)
2026-01-30 17:06:37,081 [INFO] 🤖 机器人位置: (1.44, -1.07, yaw=1.98°)
2026-01-30 17:06:38,058 [INFO] 🤖 机器人位置: (1.44, -1.07, yaw=1.98°)
2026-01-30 17:06:40,053 [INFO] 🤖 机器人位置: (1.44, -1.07, yaw=1.98°)
2026-01-30 17:06:41,005 [INFO] 🤖 机器人位置: (1.44, -1.07, yaw=1.98°)
2026-01-30 17:06:43,054 [INFO] 🤖 机器人位置: (1.44, -1.07, yaw=1.98°)
2026-01-30 17:06:45,073 [INFO] 🤖 机器人位置: (1.44, -1.07, yaw=1.98°)
2026-01-30 17:06:45,155 [INFO] ✓ 地图信息已获取并缓存
2026-01-30 17:06:45,317 [INFO] ✓ 坐标轴已绘制到图像: 原点位置=(754, 163)
2026-01-30 17:06:45,399 [INFO] ✓ 地图栅格数据已处理: 1409x459
2026-01-30 17:06:45,400 [INFO]   颜色分布: 白色=185251, 灰色=452817, 黑色=8663
2026-01-30 17:06:46,031 [INFO] 🤖 机器人位置: (1.44, -1.07, yaw=1.98°)
2026-01-30 17:06:47,100 [INFO] 🤖 机器人位置: (1.44, -1.07, yaw=1.98°)
2026-01-30 17:06:48,066 [INFO] 🤖 机器人位置: (1.44, -1.07, yaw=1.98°)
2026-01-30 17:06:49,036 [INFO] 🤖 机器人位置: (1.44, -1.07, yaw=1.98°)
2026-01-30 17:06:51,054 [INFO] 🤖 机器人位置: (1.44, -1.07, yaw=1.98°)
2026-01-30 17:06:52,002 [INFO] 🤖 机器人位置: (1.44, -1.07, yaw=1.98°)
2026-01-30 17:06:53,006 [INFO] 🤖 机器人位置: (1.44, -1.07, yaw=1.98°)
2026-01-30 17:06:54,092 [INFO] 🤖 机器人位置: (1.44, -1.07, yaw=1.98°)
2026-01-30 17:06:55,049 [INFO] 🤖 机器人位置: (1.44, -1.07, yaw=1.98°)
2026-01-30 17:06:56,022 [INFO] 🤖 机器人位置: (1.44, -1.07, yaw=1.98°)
2026-01-30 17:06:57,091 [INFO] 🤖 机器人位置: (1.44, -1.07, yaw=1.98°)
2026-01-30 17:06:58,041 [INFO] 🤖 机器人位置: (1.44, -1.07, yaw=1.98°)
2026-01-30 17:07:00,088 [INFO] 🤖 机器人位置: (1.44, -1.07, yaw=1.98°)
2026-01-30 17:07:01,043 [INFO] 🤖 机器人位置: (1.44, -1.07, yaw=1.98°)
2026-01-30 17:07:04,066 [INFO] 🤖 机器人位置: (1.44, -1.07, yaw=1.98°)
2026-01-30 17:07:05,018 [INFO] 🤖 机器人位置: (1.44, -1.07, yaw=1.98°)
2026-01-30 17:07:07,055 [INFO] 🤖 机器人位置: (1.44, -1.07, yaw=1.98°)
2026-01-30 17:07:08,020 [INFO] 🤖 机器人位置: (1.44, -1.08, yaw=2.62°)
2026-01-30 17:07:09,087 [INFO] 🤖 机器人位置: (1.40, -1.10, yaw=-2.59°)
2026-01-30 17:07:10,053 [INFO] 🤖 机器人位置: (1.27, -1.27, yaw=-2.05°)
2026-01-30 17:07:11,007 [INFO] 🤖 机器人位置: (1.25, -1.36, yaw=-1.61°)
2026-01-30 17:07:12,086 [INFO] 🤖 机器人位置: (1.25, -1.38, yaw=-2.08°)
2026-01-30 17:07:13,061 [INFO] 🤖 机器人位置: (1.25, -1.38, yaw=-1.14°)
2026-01-30 17:07:14,033 [INFO] 🤖 机器人位置: (1.35, -1.41, yaw=-0.19°)
2026-01-30 17:07:15,008 [INFO] 🤖 机器人位置: (1.62, -1.41, yaw=0.11°)
2026-01-30 17:07:17,090 [INFO] 🤖 机器人位置: (1.82, -1.38, yaw=0.30°)
2026-01-30 17:07:18,058 [INFO] 🤖 机器人位置: (1.91, -1.35, yaw=0.06°)
2026-01-30 17:07:19,060 [INFO] 🤖 机器人位置: (2.18, -1.37, yaw=-0.09°)
2026-01-30 17:07:20,052 [INFO] 🤖 机器人位置: (2.30, -1.38, yaw=-0.06°)
2026-01-30 17:07:21,023 [INFO] 🤖 机器人位置: (2.38, -1.40, yaw=-0.55°)
2026-01-30 17:07:23,085 [INFO] 🤖 机器人位置: (2.80, -1.43, yaw=-0.05°)
2026-01-30 17:07:24,033 [INFO] 🤖 机器人位置: (2.93, -1.42, yaw=0.16°)
2026-01-30 17:07:25,010 [INFO] 🤖 机器人位置: (2.94, -1.43, yaw=-0.05°)
2026-01-30 17:07:28,084 [INFO] 🤖 机器人位置: (2.94, -1.43, yaw=-0.05°)
2026-01-30 17:07:29,086 [INFO] 🤖 机器人位置: (2.94, -1.43, yaw=-0.05°)
2026-01-30 17:07:30,033 [INFO] 🤖 机器人位置: (2.94, -1.43, yaw=-0.05°)
2026-01-30 17:07:32,041 [INFO] 🤖 机器人位置: (2.94, -1.43, yaw=-0.05°)
2026-01-30 17:07:34,046 [INFO] 🤖 机器人位置: (2.94, -1.43, yaw=-0.05°)
2026-01-30 17:07:35,026 [INFO] 🤖 机器人位置: (2.94, -1.43, yaw=-0.05°)
2026-01-30 17:07:36,009 [INFO] 🤖 机器人位置: (2.94, -1.43, yaw=-0.05°)
2026-01-30 17:07:38,092 [INFO] 🤖 机器人位置: (2.94, -1.43, yaw=-0.05°)
2026-01-30 17:07:39,044 [INFO] 🤖 机器人位置: (2.94, -1.43, yaw=-0.05°)
2026-01-30 17:07:40,814 [INFO] ✓ 地图信息已获取并缓存
2026-01-30 17:07:40,949 [INFO] ✓ 坐标轴已绘制到图像: 原点位置=(754, 163)
2026-01-30 17:07:41,032 [INFO] ✓ 地图栅格数据已处理: 1409x460
2026-01-30 17:07:41,033 [INFO]   颜色分布: 白色=185695, 灰色=453779, 黑色=8666
2026-01-30 17:07:42,052 [INFO] 🤖 机器人位置: (2.94, -1.43, yaw=-0.05°)
2026-01-30 17:07:42,167 [INFO] ✓ 地图信息已获取并缓存
2026-01-30 17:07:42,276 [INFO] ✓ 坐标轴已绘制到图像: 原点位置=(754, 163)
2026-01-30 17:07:42,368 [INFO] ✓ 地图栅格数据已处理: 1409x460
2026-01-30 17:07:42,368 [INFO]   颜色分布: 白色=185695, 灰色=453779, 黑色=8666
2026-01-30 17:07:43,025 [INFO] 🤖 机器人位置: (2.94, -1.43, yaw=-0.05°)
2026-01-30 17:07:44,096 [INFO] 🤖 机器人位置: (2.94, -1.43, yaw=-0.05°)
2026-01-30 17:07:45,093 [INFO] 🤖 机器人位置: (2.94, -1.43, yaw=-0.05°)
2026-01-30 17:07:46,051 [INFO] 🤖 机器人位置: (2.94, -1.43, yaw=-0.05°)
2026-01-30 17:07:48,096 [INFO] 🤖 机器人位置: (2.94, -1.43, yaw=-0.05°)
2026-01-30 17:07:49,087 [INFO] 🤖 机器人位置: (2.94, -1.43, yaw=-0.05°)
2026-01-30 17:07:50,044 [INFO] 🤖 机器人位置: (2.94, -1.43, yaw=-0.05°)
2026-01-30 17:07:52,099 [INFO] 🤖 机器人位置: (2.94, -1.43, yaw=-0.05°)
2026-01-30 17:07:53,047 [INFO] 🤖 机器人位置: (2.94, -1.43, yaw=-0.05°)
2026-01-30 17:07:54,015 [INFO] 🤖 机器人位置: (2.94, -1.43, yaw=-0.05°)
2026-01-30 17:07:55,089 [INFO] 🤖 机器人位置: (2.94, -1.43, yaw=-0.05°)
2026-01-30 17:07:56,051 [INFO] 🤖 机器人位置: (2.94, -1.43, yaw=-0.05°)
2026-01-30 17:07:57,002 [INFO] 🤖 机器人位置: (2.94, -1.43, yaw=-0.05°)
2026-01-30 17:07:58,078 [INFO] 🤖 机器人位置: (2.94, -1.43, yaw=-0.05°)
2026-01-30 17:07:59,022 [INFO] 🤖 机器人位置: (2.94, -1.43, yaw=-0.05°)
2026-01-30 17:08:00,095 [INFO] 🤖 机器人位置: (2.94, -1.43, yaw=-0.05°)
2026-01-30 17:08:01,048 [INFO] 🤖 机器人位置: (2.94, -1.43, yaw=-0.05°)
2026-01-30 17:08:03,052 [INFO] 🤖 机器人位置: (2.94, -1.43, yaw=-0.05°)
2026-01-30 17:08:05,087 [INFO] 🤖 机器人位置: (2.94, -1.43, yaw=-0.05°)
2026-01-30 17:08:06,044 [INFO] 🤖 机器人位置: (2.94, -1.43, yaw=-0.05°)
2026-01-30 17:08:07,018 [INFO] 🤖 机器人位置: (2.94, -1.43, yaw=-0.05°)
2026-01-30 17:08:09,096 [INFO] 🤖 机器人位置: (2.94, -1.43, yaw=-0.05°)
2026-01-30 17:08:10,060 [INFO] 🤖 机器人位置: (2.94, -1.43, yaw=-0.05°)
2026-01-30 17:08:11,052 [INFO] 🤖 机器人位置: (2.94, -1.43, yaw=-0.05°)
2026-01-30 17:08:12,030 [INFO] 🤖 机器人位置: (2.94, -1.43, yaw=-0.05°)
2026-01-30 17:08:13,043 [INFO] 🤖 机器人位置: (2.94, -1.43, yaw=-0.05°)
2026-01-30 17:08:15,061 [INFO] 🤖 机器人位置: (2.94, -1.43, yaw=-0.05°)
2026-01-30 17:08:18,087 [INFO] 🤖 机器人位置: (2.94, -1.43, yaw=-0.05°)
2026-01-30 17:08:19,086 [INFO] 🤖 机器人位置: (2.94, -1.43, yaw=-0.05°)
2026-01-30 17:08:20,052 [INFO] 🤖 机器人位置: (2.94, -1.43, yaw=-0.05°)
2026-01-30 17:08:22,069 [INFO] 🤖 机器人位置: (2.94, -1.43, yaw=-0.05°)
2026-01-30 17:08:23,054 [INFO] 🤖 机器人位置: (2.94, -1.43, yaw=-0.05°)
2026-01-30 17:08:24,019 [INFO] 🤖 机器人位置: (2.94, -1.43, yaw=-0.05°)
2026-01-30 17:08:25,006 [INFO] 🤖 机器人位置: (2.94, -1.43, yaw=-0.05°)
2026-01-30 17:08:26,083 [INFO] 🤖 机器人位置: (2.94, -1.43, yaw=-0.05°)
2026-01-30 17:08:27,028 [INFO] 🤖 机器人位置: (2.94, -1.43, yaw=-0.05°)
2026-01-30 17:08:28,003 [INFO] 🤖 机器人位置: (2.94, -1.43, yaw=-0.05°)
2026-01-30 17:08:28,878 [INFO] ✓ 地图信息已获取并缓存
2026-01-30 17:08:29,097 [INFO] 🤖 机器人位置: (2.94, -1.43, yaw=-0.05°)
2026-01-30 17:08:30,051 [INFO] 🤖 机器人位置: (2.94, -1.43, yaw=-0.05°)
2026-01-30 17:08:31,003 [INFO] 🤖 机器人位置: (2.94, -1.43, yaw=-0.05°)
2026-01-30 17:08:32,069 [INFO] 🤖 机器人位置: (2.94, -1.43, yaw=-0.05°)
2026-01-30 17:08:33,011 [INFO] 🤖 机器人位置: (2.94, -1.43, yaw=-0.05°)
2026-01-30 17:08:34,082 [INFO] 🤖 机器人位置: (2.94, -1.43, yaw=-0.05°)
2026-01-30 17:08:35,027 [INFO] 🤖 机器人位置: (2.94, -1.43, yaw=-0.05°)
2026-01-30 17:08:36,016 [INFO] 🤖 机器人位置: (2.94, -1.43, yaw=-0.05°)
2026-01-30 17:08:38,053 [INFO] 🤖 机器人位置: (2.94, -1.43, yaw=-0.05°)
2026-01-30 17:08:40,080 [INFO] 🤖 机器人位置: (2.94, -1.43, yaw=-0.05°)
2026-01-30 17:08:41,062 [INFO] 🤖 机器人位置: (2.94, -1.43, yaw=-0.05°)
2026-01-30 17:08:42,012 [INFO] 🤖 机器人位置: (2.94, -1.43, yaw=-0.05°)
2026-01-30 17:08:43,085 [INFO] 🤖 机器人位置: (2.94, -1.43, yaw=-0.05°)
2026-01-30 17:08:44,020 [INFO] 🤖 机器人位置: (2.94, -1.43, yaw=-0.05°)
2026-01-30 17:08:45,100 [INFO] 🤖 机器人位置: (2.94, -1.43, yaw=-0.05°)
2026-01-30 17:08:46,059 [INFO] 🤖 机器人位置: (2.94, -1.43, yaw=-0.05°)
2026-01-30 17:08:47,021 [INFO] 🤖 机器人位置: (2.94, -1.43, yaw=-0.05°)
2026-01-30 17:08:49,066 [INFO] 🤖 机器人位置: (2.94, -1.43, yaw=-0.05°)
2026-01-30 17:08:50,016 [INFO] 🤖 机器人位置: (2.94, -1.43, yaw=-0.05°)
2026-01-30 17:08:52,089 [INFO] 🤖 机器人位置: (2.94, -1.43, yaw=-0.05°)
2026-01-30 17:08:53,048 [INFO] 🤖 机器人位置: (2.94, -1.43, yaw=-0.05°)
2026-01-30 17:08:54,066 [INFO] 🤖 机器人位置: (2.94, -1.43, yaw=-0.05°)
2026-01-30 17:08:55,034 [INFO] 🤖 机器人位置: (2.94, -1.43, yaw=-0.05°)
2026-01-30 17:08:57,088 [INFO] 🤖 机器人位置: (2.94, -1.43, yaw=-0.05°)
2026-01-30 17:08:58,089 [INFO] 🤖 机器人位置: (2.94, -1.43, yaw=-0.05°)
2026-01-30 17:08:59,054 [INFO] 🤖 机器人位置: (2.94, -1.43, yaw=-0.05°)
2026-01-30 17:09:00,029 [INFO] 🤖 机器人位置: (2.94, -1.43, yaw=-0.05°)
2026-01-30 17:09:01,095 [INFO] 🤖 机器人位置: (2.94, -1.43, yaw=-0.05°)
2026-01-30 17:09:02,034 [INFO] 🤖 机器人位置: (2.94, -1.43, yaw=-0.05°)
2026-01-30 17:09:03,096 [INFO] 🤖 机器人位置: (2.94, -1.43, yaw=-0.05°)
2026-01-30 17:09:04,073 [INFO] 🤖 机器人位置: (2.94, -1.43, yaw=-0.05°)
2026-01-30 17:09:05,055 [INFO] 🤖 机器人位置: (2.94, -1.43, yaw=-0.05°)
2026-01-30 17:09:06,015 [INFO] 🤖 机器人位置: (2.94, -1.43, yaw=-0.05°)
2026-01-30 17:09:07,097 [INFO] 🤖 机器人位置: (2.94, -1.43, yaw=-0.05°)
2026-01-30 17:09:08,047 [INFO] 🤖 机器人位置: (2.94, -1.43, yaw=-0.05°)
2026-01-30 17:09:10,068 [INFO] 🤖 机器人位置: (2.94, -1.43, yaw=-0.05°)
2026-01-30 17:09:11,046 [INFO] 🤖 机器人位置: (2.94, -1.43, yaw=-0.05°)
2026-01-30 17:09:12,001 [INFO] 🤖 机器人位置: (2.94, -1.43, yaw=-0.05°)
2026-01-30 17:09:13,064 [INFO] 🤖 机器人位置: (2.94, -1.43, yaw=-0.05°)
2026-01-30 17:09:14,042 [INFO] 🤖 机器人位置: (2.94, -1.43, yaw=-0.05°)
2026-01-30 17:09:15,031 [INFO] 🤖 机器人位置: (2.94, -1.43, yaw=-0.05°)
2026-01-30 17:09:16,096 [INFO] 🤖 机器人位置: (2.94, -1.43, yaw=-0.05°)
2026-01-30 17:09:17,036 [INFO] 🤖 机器人位置: (2.94, -1.43, yaw=-0.05°)
2026-01-30 17:09:18,001 [INFO] 🤖 机器人位置: (2.94, -1.43, yaw=-0.05°)
2026-01-30 17:09:19,075 [INFO] 🤖 机器人位置: (2.94, -1.43, yaw=-0.05°)
2026-01-30 17:09:20,036 [INFO] 🤖 机器人位置: (2.94, -1.43, yaw=-0.05°)
2026-01-30 17:09:22,073 [INFO] 🤖 机器人位置: (2.94, -1.43, yaw=-0.05°)
2026-01-30 17:09:23,035 [INFO] 🤖 机器人位置: (2.94, -1.43, yaw=-0.05°)
2026-01-30 17:09:24,087 [INFO] 🤖 机器人位置: (2.94, -1.43, yaw=-0.05°)
2026-01-30 17:09:25,092 [INFO] 🤖 机器人位置: (2.94, -1.43, yaw=-0.05°)
2026-01-30 17:09:25,870 [INFO] ✓ 地图信息已获取并缓存
2026-01-30 17:09:25,990 [INFO] ✓ 坐标轴已绘制到图像: 原点位置=(754, 163)
2026-01-30 17:09:26,073 [INFO] ✓ 地图栅格数据已处理: 1409x460
2026-01-30 17:09:26,073 [INFO]   颜色分布: 白色=185695, 灰色=453779, 黑色=8666
2026-01-30 17:09:28,063 [INFO] 🤖 机器人位置: (2.94, -1.43, yaw=-0.05°)
2026-01-30 17:09:29,019 [INFO] 🤖 机器人位置: (2.94, -1.43, yaw=-0.05°)
2026-01-30 17:09:30,001 [INFO] 🤖 机器人位置: (2.94, -1.43, yaw=-0.05°)
2026-01-30 17:09:33,087 [INFO] 🤖 机器人位置: (2.94, -1.43, yaw=-0.05°)
2026-01-30 17:09:34,048 [INFO] 🤖 机器人位置: (2.94, -1.43, yaw=-0.05°)
2026-01-30 17:09:36,018 [INFO] 🤖 机器人位置: (2.94, -1.43, yaw=-0.05°)
2026-01-30 17:09:38,054 [INFO] 🤖 机器人位置: (2.94, -1.43, yaw=-0.05°)
2026-01-30 17:09:40,058 [INFO] 🤖 机器人位置: (2.94, -1.43, yaw=-0.05°)
2026-01-30 17:09:41,089 [INFO] 🤖 机器人位置: (2.94, -1.43, yaw=-0.05°)
